\BOOKMARK [1][-]{section.1}{\376\377\000I\000n\000d\000l\000e\000d\000n\000i\000n\000g}{}% 1
\BOOKMARK [2][-]{subsection.1.1}{\376\377\000F\000o\000r\000m\000\345\000l}{section.1}% 2
\BOOKMARK [1][-]{section.2}{\376\377\000S\000p\000i\000l\000l\000e\000r\000\040\000b\000e\000v\000\346\000g\000e\000l\000s\000e}{}% 3
\BOOKMARK [2][-]{subsection.2.1}{\376\377\000B\000e\000v\000\346\000g\000e\000l\000s\000e\000s\000\040\000s\000y\000s\000t\000e\000m}{section.2}% 4
\BOOKMARK [2][-]{subsection.2.2}{\376\377\000U\000e\000n\000d\000e\000l\000i\000g\000\040\000v\000e\000r\000d\000e\000n}{section.2}% 5
\BOOKMARK [1][-]{section.3}{\376\377\000A\000n\000i\000m\000a\000t\000i\000o\000n\000e\000r}{}% 6
\BOOKMARK [2][-]{subsection.3.1}{\376\377\000S\000p\000r\000i\000t\000e\000\040\000s\000h\000e\000e\000t}{section.3}% 7
\BOOKMARK [2][-]{subsection.3.2}{\376\377\000T\000i\000l\000p\000a\000s\000\040\000a\000n\000i\000m\000a\000t\000i\000o\000n\000\040\000m\000e\000d\000\040\000r\000e\000t\000n\000i\000n\000g}{section.3}% 8
\BOOKMARK [2][-]{subsection.3.3}{\376\377\000T\000i\000l\000p\000a\000s\000\040\000a\000n\000i\000m\000a\000t\000i\000o\000n\000\040\000o\000v\000e\000r\000\040\000t\000i\000d\000e\000n}{section.3}% 9
\BOOKMARK [1][-]{section.4}{\376\377\000F\000j\000e\000n\000d\000e\000r}{}% 10
\BOOKMARK [2][-]{subsection.4.1}{\376\377\000P\000a\000t\000h\000f\000i\000n\000d\000i\000n\000g}{section.4}% 11
\BOOKMARK [2][-]{subsection.4.2}{\376\377\000A\000n\000i\000m\000a\000t\000i\000o\000n\000e\000r\000\040\000f\000o\000r\000\040\000f\000j\000e\000n\000d\000e\000r}{section.4}% 12
\BOOKMARK [1][-]{section.5}{\376\377\000C\000o\000m\000b\000a\000t}{}% 13
\BOOKMARK [2][-]{subsection.5.1}{\376\377\000H\000i\000t\000b\000o\000x}{section.5}% 14
\BOOKMARK [2][-]{subsection.5.2}{\376\377\000S\000k\000a\000d\000e\000\040\000s\000y\000s\000t\000e\000m}{section.5}% 15
\BOOKMARK [2][-]{subsection.5.3}{\376\377\000I\000m\000u\000n\000e\000\040\000s\000y\000s\000t\000e\000m}{section.5}% 16
\BOOKMARK [2][-]{subsection.5.4}{\376\377\000D\000\370\000d\000\040\000s\000y\000s\000t\000e\000m}{section.5}% 17
\BOOKMARK [1][-]{section.6}{\376\377\000G\000U\000I}{}% 18
\BOOKMARK [2][-]{subsection.6.1}{\376\377\000H\000e\000a\000l\000t\000h\000\040\000b\000a\000r}{section.6}% 19
\BOOKMARK [2][-]{subsection.6.2}{\376\377\000D\000\370\000d\000\040\000s\000k\000\346\000r\000m}{section.6}% 20
\BOOKMARK [1][-]{section.7}{\376\377\000L\000y\000d\000e\000f\000f\000e\000k\000t\000e\000r}{}% 21
\BOOKMARK [1][-]{section.8}{\376\377\000K\000u\000n\000k\000l\000u\000s\000i\000o\000n}{}% 22
